<?xml version="1.0" encoding="UTF-8"?>
<testng-results ignored="0" total="3" passed="3" failed="0" skipped="0">
  <reporter-output>
  </reporter-output>
  <suite started-at="2022-06-23T23:21:29 MSK" name="Suite" finished-at="2022-06-23T23:21:36 MSK" duration-ms="6659">
    <groups>
    </groups>
    <test started-at="2022-06-23T23:21:29 MSK" name="Test" finished-at="2022-06-23T23:21:36 MSK" duration-ms="6659">
      <class name="QAA">
        <test-method is-config="true" signature="init()[pri:0, instance:QAA@402bba4f]" started-at="2022-06-23T23:21:29 MSK" name="init" finished-at="2022-06-23T23:21:35 MSK" duration-ms="5422" status="PASS">
          <reporter-output>
          </reporter-output>
        </test-method> <!-- init -->
        <test-method signature="filmDirector()[pri:0, instance:QAA@402bba4f]" started-at="2022-06-23T23:21:35 MSK" name="filmDirector" finished-at="2022-06-23T23:21:36 MSK" duration-ms="711" status="PASS">
          <reporter-output>
          </reporter-output>
        </test-method> <!-- filmDirector -->
        <test-method signature="filmTitle()[pri:0, instance:QAA@402bba4f]" started-at="2022-06-23T23:21:36 MSK" name="filmTitle" finished-at="2022-06-23T23:21:36 MSK" duration-ms="120" status="PASS">
          <reporter-output>
          </reporter-output>
        </test-method> <!-- filmTitle -->
        <test-method signature="filmYear()[pri:0, instance:QAA@402bba4f]" started-at="2022-06-23T23:21:36 MSK" name="filmYear" finished-at="2022-06-23T23:21:36 MSK" duration-ms="112" status="PASS">
          <reporter-output>
          </reporter-output>
        </test-method> <!-- filmYear -->
        <test-method is-config="true" signature="finish()[pri:0, instance:QAA@402bba4f]" started-at="2022-06-23T23:21:36 MSK" name="finish" finished-at="2022-06-23T23:21:36 MSK" duration-ms="235" status="PASS">
          <reporter-output>
          </reporter-output>
        </test-method> <!-- finish -->
      </class> <!-- QAA -->
    </test> <!-- Test -->
  </suite> <!-- Suite -->
</testng-results>
